20250525_175433: [[0.16705997 0.16027363 0.14672095 0.17851327 0.1686679  0.17876424]]
20250525_175440: [[0.15228392 0.18111105 0.16801915 0.16552337 0.16726494 0.1657976 ]]
20250525_175441: [[0.15994276 0.1734787  0.1622287  0.16768043 0.16393699 0.17273238]]
20250525_175442: [[0.15803416 0.17256442 0.16878858 0.15657379 0.1661603  0.17787881]]
20250525_175442: [[0.178528   0.1680506  0.16635254 0.15937826 0.16320959 0.16448103]]
20250525_175443: [[0.18378049 0.17745793 0.15481071 0.15646298 0.16042605 0.16706187]]
20250525_175443: [[0.18558292 0.17211993 0.15027148 0.16250668 0.15790837 0.1716106 ]]
20250525_175444: [[0.17609511 0.169731   0.16022581 0.16172057 0.16873708 0.16349037]]
20250525_175445: [[0.18898079 0.17222174 0.1527404  0.15562151 0.16118692 0.16924855]]
20250525_175445: [[0.17611791 0.17506672 0.14989911 0.16484094 0.15893173 0.1751436 ]]
20250525_175445: [[0.17169034 0.17479664 0.15904997 0.16279298 0.15826257 0.17340751]]
20250525_175446: [[0.1797249  0.17152387 0.15324037 0.16524173 0.16142651 0.16884263]]
20250525_175446: [[0.1678965  0.17344758 0.1569246  0.16277882 0.17059696 0.16835557]]
20250525_175447: [[0.179455   0.17403246 0.1569727  0.16060589 0.16290309 0.16603085]]
20250525_175447: [[0.18308148 0.17461862 0.15314136 0.16264085 0.16146822 0.16504946]]
20250525_175447: [[0.18751158 0.17602971 0.15213543 0.16126654 0.15693995 0.16611685]]
20250525_175448: [[0.18320276 0.17527893 0.15704153 0.1525206  0.16903302 0.16292311]]
20250525_175448: [[0.16877377 0.17715694 0.14719285 0.16553698 0.17413998 0.16719942]]
20250525_175449: [[0.17093839 0.17180471 0.15313016 0.16902637 0.16808493 0.16701551]]
20250525_175449: [[0.17530338 0.16672523 0.14812812 0.17319359 0.1646405  0.17200913]]
20250525_175450: [[0.1755266  0.16798192 0.14670457 0.16978447 0.1635907  0.17641172]]
20250525_175450: [[0.17910877 0.16648178 0.14743103 0.16804767 0.16391939 0.17501137]]
20250525_175450: [[0.17680888 0.16648926 0.14656085 0.17074531 0.16471982 0.17467588]]
20250525_175450: [[0.17440699 0.16429767 0.14576602 0.17378037 0.16387273 0.17787626]]
20250525_175450: [[0.17321926 0.16564025 0.15014711 0.17333527 0.16413371 0.17352442]]
20250525_175601: [[0.17011979 0.17395416 0.15693589 0.15912464 0.16816506 0.17170048]]
20250525_175604: [[0.17017378 0.16820233 0.16090883 0.15955737 0.1709742  0.1701836 ]]
20250525_175605: [[0.17105508 0.17109257 0.15750718 0.15856782 0.17035627 0.17142113]]
20250525_175606: [[0.16753854 0.17533538 0.16001774 0.15812342 0.17369254 0.16529247]]
20250525_175606: [[0.16560885 0.17939335 0.15955123 0.1571627  0.17276809 0.16551574]]
20250525_175607: [[0.17453462 0.17300439 0.16004062 0.15454002 0.17319888 0.16468146]]
20250525_175607: [[0.1615195  0.17276497 0.1613576  0.15594651 0.17848074 0.16993064]]
20250525_175608: [[0.16017105 0.16408366 0.15575154 0.16166823 0.18273142 0.1755941 ]]
20250525_175608: [[0.15629576 0.16621405 0.15480605 0.16577753 0.18480201 0.17210463]]
20250525_175609: [[0.15977432 0.16431041 0.15256573 0.164938   0.18191749 0.17649405]]
